生成启动时间为 2020/12/31 15:28:00。
     1>项目“C:\Users\hp\Desktop\test2\test2\test2.vcxproj”在节点 2 上(Build 个目标)。
     1>Link:
         D:\VS2013\VC\bin\link.exe /ERRORREPORT:PROMPT /OUT:"C:\Users\hp\Desktop\test2\Debug\test2.exe" /INCREMENTAL /NOLOGO kernel32.lib user32.lib gdi32.lib winspool.lib comdlg32.lib advapi32.lib shell32.lib ole32.lib oleaut32.lib uuid.lib odbc32.lib odbccp32.lib /MANIFEST /MANIFESTUAC:"level='asInvoker' uiAccess='false'" /manifest:embed /DEBUG /PDB:"C:\Users\hp\Desktop\test2\Debug\test2.pdb" /SUBSYSTEM:CONSOLE /TLBID:1 /DYNAMICBASE /NXCOMPAT /IMPLIB:"C:\Users\hp\Desktop\test2\Debug\test2.lib" /MACHINE:X86 Debug\connection.obj
     1>connection.obj : error LNK2019: 无法解析的外部符号 _mysql_error@4，该符号在函数 "void __cdecl connect(void)" (?connect@@YAXXZ) 中被引用
     1>connection.obj : error LNK2019: 无法解析的外部符号 _mysql_init@4，该符号在函数 "void __cdecl connect(void)" (?connect@@YAXXZ) 中被引用
     1>connection.obj : error LNK2019: 无法解析的外部符号 _mysql_real_connect@32，该符号在函数 "void __cdecl connect(void)" (?connect@@YAXXZ) 中被引用
     1>C:\Users\hp\Desktop\test2\Debug\test2.exe : fatal error LNK1120: 3 个无法解析的外部命令
     1>已完成生成项目“C:\Users\hp\Desktop\test2\test2\test2.vcxproj”(Build 个目标)的操作 - 失败。

生成失败。

已用时间 00:00:00.32
